{
  "stats": {
    "suites": 1,
    "tests": 3,
    "passes": 3,
    "pending": 0,
    "failures": 0,
    "start": "2021-11-07T00:30:46.563Z",
    "end": "2021-11-07T00:30:47.758Z",
    "duration": 1195,
    "testsRegistered": 3,
    "passPercent": 100,
    "pendingPercent": 0,
    "other": 0,
    "hasOther": false,
    "skipped": 0,
    "hasSkipped": false
  },
  "results": [
    {
      "uuid": "c3ba5de7-1e46-4efc-97fe-afce37d14f93",
      "title": "",
      "fullFile": "cypress/integration/api-login.spec.js",
      "file": "cypress/integration/api-login.spec.js",
      "beforeHooks": [],
      "afterHooks": [],
      "tests": [],
      "suites": [
        {
          "uuid": "500157ed-71c3-420c-93ff-a928594e1652",
          "title": "Login - API",
          "fullFile": "",
          "file": "",
          "beforeHooks": [],
          "afterHooks": [],
          "tests": [
            {
              "title": "Login com sucesso",
              "fullTitle": "Login - API Login com sucesso",
              "timedOut": null,
              "duration": 706,
              "state": "passed",
              "speed": "slow",
              "pass": true,
              "fail": false,
              "pending": false,
              "context": null,
              "code": "cy.loginAPI(email, password).then(response => {\n  expect(response.status).to.equal(200);\n  expect(response.body.user).to.have.property('email');\n  expect(response.body.user).to.have.property('token');\n  expect(response.body.user).to.have.property('username');\n});",
              "err": {},
              "uuid": "bf283a33-caf9-4982-954d-3b76fc7187de",
              "parentUUID": "500157ed-71c3-420c-93ff-a928594e1652",
              "isHook": false,
              "skipped": false
            },
            {
              "title": "Login com e-mail incorreto",
              "fullTitle": "Login - API Login com e-mail incorreto",
              "timedOut": null,
              "duration": 181,
              "state": "passed",
              "speed": "slow",
              "pass": true,
              "fail": false,
              "pending": false,
              "context": null,
              "code": "cy.loginAPI('email@mailinator.com', password).then(response => {\n  expect(response.status).to.equal(403);\n  expect(response.body.errors[\"email or password\"]).to.contain('is invalid');\n});",
              "err": {},
              "uuid": "2a3e03b2-aaa0-4afc-baec-9d8a6851d3ba",
              "parentUUID": "500157ed-71c3-420c-93ff-a928594e1652",
              "isHook": false,
              "skipped": false
            },
            {
              "title": "Login com senha incorreta",
              "fullTitle": "Login - API Login com senha incorreta",
              "timedOut": null,
              "duration": 285,
              "state": "passed",
              "speed": "slow",
              "pass": true,
              "fail": false,
              "pending": false,
              "context": null,
              "code": "cy.loginAPI(email, '12345678').then(response => {\n  expect(response.status).to.equal(403);\n  expect(response.body.errors[\"email or password\"]).to.contain('is invalid');\n});",
              "err": {},
              "uuid": "43d7d5b7-1fa9-4b67-a306-ab6893ef4e7d",
              "parentUUID": "500157ed-71c3-420c-93ff-a928594e1652",
              "isHook": false,
              "skipped": false
            }
          ],
          "suites": [],
          "passes": [
            "bf283a33-caf9-4982-954d-3b76fc7187de",
            "2a3e03b2-aaa0-4afc-baec-9d8a6851d3ba",
            "43d7d5b7-1fa9-4b67-a306-ab6893ef4e7d"
          ],
          "failures": [],
          "pending": [],
          "skipped": [],
          "duration": 1172,
          "root": false,
          "rootEmpty": false,
          "_timeout": 2000
        }
      ],
      "passes": [],
      "failures": [],
      "pending": [],
      "skipped": [],
      "duration": 0,
      "root": true,
      "rootEmpty": true,
      "_timeout": 2000
    }
  ],
  "meta": {
    "mocha": {
      "version": "7.0.1"
    },
    "mochawesome": {
      "options": {
        "quiet": true,
        "reportFilename": "mochawesome",
        "saveHtml": false,
        "saveJson": true,
        "consoleReporter": "spec",
        "useInlineDiffs": false,
        "code": true
      },
      "version": "6.3.1"
    },
    "marge": {
      "options": {
        "id": "default",
        "reportDir": "mochawesome-report",
        "quiet": true,
        "overwrite": false,
        "html": false,
        "json": true
      },
      "version": "5.2.0"
    }
  }
}