{
  "stats": {
    "suites": 1,
    "tests": 3,
    "passes": 3,
    "pending": 0,
    "failures": 0,
    "start": "2021-11-07T01:01:14.133Z",
    "end": "2021-11-07T01:01:14.867Z",
    "duration": 734,
    "testsRegistered": 3,
    "passPercent": 100,
    "pendingPercent": 0,
    "other": 0,
    "hasOther": false,
    "skipped": 0,
    "hasSkipped": false
  },
  "results": [
    {
      "uuid": "11e94f8c-481f-49e2-863a-b86cf6be5bbf",
      "title": "",
      "fullFile": "cypress/integration/api-login.spec.js",
      "file": "cypress/integration/api-login.spec.js",
      "beforeHooks": [],
      "afterHooks": [],
      "tests": [],
      "suites": [
        {
          "uuid": "03791ad4-a832-416f-b55e-3d83ef1a1b15",
          "title": "Login - API",
          "fullFile": "",
          "file": "",
          "beforeHooks": [],
          "afterHooks": [],
          "tests": [
            {
              "title": "Login com sucesso",
              "fullTitle": "Login - API Login com sucesso",
              "timedOut": null,
              "duration": 490,
              "state": "passed",
              "speed": "slow",
              "pass": true,
              "fail": false,
              "pending": false,
              "context": null,
              "code": "cy.loginAPI(email, password).then(response => {\n  expect(response.status).to.equal(200);\n  expect(response.body.user).to.have.property('email');\n  expect(response.body.user).to.have.property('token');\n  expect(response.body.user).to.have.property('username');\n});",
              "err": {},
              "uuid": "ee0372d7-dcdc-4ef6-9202-2f626de158a0",
              "parentUUID": "03791ad4-a832-416f-b55e-3d83ef1a1b15",
              "isHook": false,
              "skipped": false
            },
            {
              "title": "Login com e-mail incorreto",
              "fullTitle": "Login - API Login com e-mail incorreto",
              "timedOut": null,
              "duration": 56,
              "state": "passed",
              "speed": "medium",
              "pass": true,
              "fail": false,
              "pending": false,
              "context": null,
              "code": "cy.loginAPI('email@mailinator.com', password).then(response => {\n  expect(response.status).to.equal(403);\n  expect(response.body.errors[\"email or password\"]).to.contain('is invalid');\n});",
              "err": {},
              "uuid": "442edaff-bbcb-44d7-baa4-b30a979b0bee",
              "parentUUID": "03791ad4-a832-416f-b55e-3d83ef1a1b15",
              "isHook": false,
              "skipped": false
            },
            {
              "title": "Login com senha incorreta",
              "fullTitle": "Login - API Login com senha incorreta",
              "timedOut": null,
              "duration": 163,
              "state": "passed",
              "speed": "slow",
              "pass": true,
              "fail": false,
              "pending": false,
              "context": null,
              "code": "cy.loginAPI(email, '12345678').then(response => {\n  expect(response.status).to.equal(403);\n  expect(response.body.errors[\"email or password\"]).to.contain('is invalid');\n});",
              "err": {},
              "uuid": "37107833-b39f-4384-880c-923aeb614f7a",
              "parentUUID": "03791ad4-a832-416f-b55e-3d83ef1a1b15",
              "isHook": false,
              "skipped": false
            }
          ],
          "suites": [],
          "passes": [
            "ee0372d7-dcdc-4ef6-9202-2f626de158a0",
            "442edaff-bbcb-44d7-baa4-b30a979b0bee",
            "37107833-b39f-4384-880c-923aeb614f7a"
          ],
          "failures": [],
          "pending": [],
          "skipped": [],
          "duration": 709,
          "root": false,
          "rootEmpty": false,
          "_timeout": 2000
        }
      ],
      "passes": [],
      "failures": [],
      "pending": [],
      "skipped": [],
      "duration": 0,
      "root": true,
      "rootEmpty": true,
      "_timeout": 2000
    }
  ],
  "meta": {
    "mocha": {
      "version": "7.0.1"
    },
    "mochawesome": {
      "options": {
        "quiet": true,
        "reportFilename": "mochawesome",
        "saveHtml": false,
        "saveJson": true,
        "consoleReporter": "spec",
        "useInlineDiffs": false,
        "code": true
      },
      "version": "6.3.1"
    },
    "marge": {
      "options": {
        "id": "default",
        "reportDir": "mochawesome-report",
        "quiet": true,
        "overwrite": false,
        "html": false,
        "json": true
      },
      "version": "5.2.0"
    }
  }
}