{
  "stats": {
    "suites": 1,
    "tests": 3,
    "passes": 3,
    "pending": 0,
    "failures": 0,
    "start": "2021-11-07T00:31:02.423Z",
    "end": "2021-11-07T00:31:06.746Z",
    "duration": 4323,
    "testsRegistered": 3,
    "passPercent": 100,
    "pendingPercent": 0,
    "other": 0,
    "hasOther": false,
    "skipped": 0,
    "hasSkipped": false
  },
  "results": [
    {
      "uuid": "ae24e816-1b91-4151-a019-ae972369727c",
      "title": "",
      "fullFile": "cypress/integration/ui-login.spec.js",
      "file": "cypress/integration/ui-login.spec.js",
      "beforeHooks": [],
      "afterHooks": [],
      "tests": [],
      "suites": [
        {
          "uuid": "23a25efb-6f08-402f-a451-bde08b1a8e2a",
          "title": "Login - UI",
          "fullFile": "",
          "file": "",
          "beforeHooks": [],
          "afterHooks": [],
          "tests": [
            {
              "title": "Login com sucesso",
              "fullTitle": "Login - UI Login com sucesso",
              "timedOut": null,
              "duration": 1984,
              "state": "passed",
              "speed": "slow",
              "pass": true,
              "fail": false,
              "pending": false,
              "context": null,
              "code": "cy.loginUI(200, 'login-com-sucesso');\ncy.login('karine@mailinator.com', '123456');\ncy.get('a[href*=karine]').should('contain.text', 'karine');",
              "err": {},
              "uuid": "1841141a-6d33-49a2-bf69-8fc397f03724",
              "parentUUID": "23a25efb-6f08-402f-a451-bde08b1a8e2a",
              "isHook": false,
              "skipped": false
            },
            {
              "title": "Login com e-mail incorreto",
              "fullTitle": "Login - UI Login com e-mail incorreto",
              "timedOut": null,
              "duration": 1132,
              "state": "passed",
              "speed": "slow",
              "pass": true,
              "fail": false,
              "pending": false,
              "context": null,
              "code": "cy.loginUI(403, 'login-email-incorreto');\ncy.login('mail@mailinator.com', '123456');\ncy.get('list-errors[errors*=errors] li').should('contain.text', 'email or password is invalid');",
              "err": {},
              "uuid": "98db1003-0f8f-4382-b20e-62b86dc114f9",
              "parentUUID": "23a25efb-6f08-402f-a451-bde08b1a8e2a",
              "isHook": false,
              "skipped": false
            },
            {
              "title": "Login com senha incorreta",
              "fullTitle": "Login - UI Login com senha incorreta",
              "timedOut": null,
              "duration": 1152,
              "state": "passed",
              "speed": "slow",
              "pass": true,
              "fail": false,
              "pending": false,
              "context": null,
              "code": "cy.loginUI(403, 'login-senha-incorreta');\ncy.login('karine@mailinator.com', '123456789');\ncy.get('list-errors[errors*=errors] li').should('contain.text', 'email or password is invalid');",
              "err": {},
              "uuid": "1fa784fd-fdcc-44ce-8a75-c7ef1e7ff82c",
              "parentUUID": "23a25efb-6f08-402f-a451-bde08b1a8e2a",
              "isHook": false,
              "skipped": false
            }
          ],
          "suites": [],
          "passes": [
            "1841141a-6d33-49a2-bf69-8fc397f03724",
            "98db1003-0f8f-4382-b20e-62b86dc114f9",
            "1fa784fd-fdcc-44ce-8a75-c7ef1e7ff82c"
          ],
          "failures": [],
          "pending": [],
          "skipped": [],
          "duration": 4268,
          "root": false,
          "rootEmpty": false,
          "_timeout": 2000
        }
      ],
      "passes": [],
      "failures": [],
      "pending": [],
      "skipped": [],
      "duration": 0,
      "root": true,
      "rootEmpty": true,
      "_timeout": 2000
    }
  ],
  "meta": {
    "mocha": {
      "version": "7.0.1"
    },
    "mochawesome": {
      "options": {
        "quiet": true,
        "reportFilename": "mochawesome",
        "saveHtml": false,
        "saveJson": true,
        "consoleReporter": "spec",
        "useInlineDiffs": false,
        "code": true
      },
      "version": "6.3.1"
    },
    "marge": {
      "options": {
        "id": "default",
        "reportDir": "mochawesome-report",
        "quiet": true,
        "overwrite": false,
        "html": false,
        "json": true
      },
      "version": "5.2.0"
    }
  }
}