{
  "stats": {
    "suites": 1,
    "tests": 3,
    "passes": 3,
    "pending": 0,
    "failures": 0,
    "start": "2021-11-07T00:30:51.566Z",
    "end": "2021-11-07T00:30:58.218Z",
    "duration": 6652,
    "testsRegistered": 3,
    "passPercent": 100,
    "pendingPercent": 0,
    "other": 0,
    "hasOther": false,
    "skipped": 0,
    "hasSkipped": false
  },
  "results": [
    {
      "uuid": "441e999f-1b6e-45d9-a805-4376521df57f",
      "title": "",
      "fullFile": "cypress/integration/e2e-login.spec.js",
      "file": "cypress/integration/e2e-login.spec.js",
      "beforeHooks": [],
      "afterHooks": [],
      "tests": [],
      "suites": [
        {
          "uuid": "5a68c534-85d1-418f-8b8a-b98ae88e94f0",
          "title": "Login - e2e",
          "fullFile": "",
          "file": "",
          "beforeHooks": [],
          "afterHooks": [],
          "tests": [
            {
              "title": "Login com sucesso",
              "fullTitle": "Login - e2e Login com sucesso",
              "timedOut": null,
              "duration": 3889,
              "state": "passed",
              "speed": "slow",
              "pass": true,
              "fail": false,
              "pending": false,
              "context": null,
              "code": "cy.login(email, password);\ncy.get(`a[href*=${username}]`);",
              "err": {},
              "uuid": "2a66356f-2035-44d2-aae7-bd06fdd601da",
              "parentUUID": "5a68c534-85d1-418f-8b8a-b98ae88e94f0",
              "isHook": false,
              "skipped": false
            },
            {
              "title": "Login com e-mail incorreto",
              "fullTitle": "Login - e2e Login com e-mail incorreto",
              "timedOut": null,
              "duration": 1457,
              "state": "passed",
              "speed": "slow",
              "pass": true,
              "fail": false,
              "pending": false,
              "context": null,
              "code": "cy.login('mail@mailinator.com', password);\ncy.get('list-errors[errors*=errors] li').should('contain.text', 'email or password is invalid');",
              "err": {},
              "uuid": "fb690a08-360e-44d8-9e89-6e59c7f39c45",
              "parentUUID": "5a68c534-85d1-418f-8b8a-b98ae88e94f0",
              "isHook": false,
              "skipped": false
            },
            {
              "title": "Login com senha incorreta",
              "fullTitle": "Login - e2e Login com senha incorreta",
              "timedOut": null,
              "duration": 1235,
              "state": "passed",
              "speed": "slow",
              "pass": true,
              "fail": false,
              "pending": false,
              "context": null,
              "code": "cy.login(email, '123456789');\ncy.get('list-errors[errors*=errors] li').should('contain.text', 'email or password is invalid');",
              "err": {},
              "uuid": "8e0405a9-5e85-4b1e-be77-4719312b87f9",
              "parentUUID": "5a68c534-85d1-418f-8b8a-b98ae88e94f0",
              "isHook": false,
              "skipped": false
            }
          ],
          "suites": [],
          "passes": [
            "2a66356f-2035-44d2-aae7-bd06fdd601da",
            "fb690a08-360e-44d8-9e89-6e59c7f39c45",
            "8e0405a9-5e85-4b1e-be77-4719312b87f9"
          ],
          "failures": [],
          "pending": [],
          "skipped": [],
          "duration": 6581,
          "root": false,
          "rootEmpty": false,
          "_timeout": 2000
        }
      ],
      "passes": [],
      "failures": [],
      "pending": [],
      "skipped": [],
      "duration": 0,
      "root": true,
      "rootEmpty": true,
      "_timeout": 2000
    }
  ],
  "meta": {
    "mocha": {
      "version": "7.0.1"
    },
    "mochawesome": {
      "options": {
        "quiet": true,
        "reportFilename": "mochawesome",
        "saveHtml": false,
        "saveJson": true,
        "consoleReporter": "spec",
        "useInlineDiffs": false,
        "code": true
      },
      "version": "6.3.1"
    },
    "marge": {
      "options": {
        "id": "default",
        "reportDir": "mochawesome-report",
        "quiet": true,
        "overwrite": false,
        "html": false,
        "json": true
      },
      "version": "5.2.0"
    }
  }
}